

Microchip Technology PIC18 LITE Macro Assembler V1.33 build 59893 
                                                                                               Mon Dec 29 15:19:23 2014

Microchip Technology Omniscient Code Generator (Lite mode) build 59893
     1                           	processor	18F26K22
     2                           	fnconf	rparam,??,?,0
     3                           	opt	pw 120
     4                           	opt	lm
     5                           	psect	text0,global,reloc=2,class=CODE,delta=1
     6                           	psect	cinit,global,reloc=2,class=CODE,delta=1
     7                           	psect	cstackCOMRAM,global,class=COMRAM,space=1,delta=1
     8                           	psect	intsave_regs,global,class=BIGRAM,space=1,delta=1
     9                           	psect	rparam,global,class=COMRAM,space=1,delta=1
    10  0000                     _INTCONbits	set	4082
    11                           
    12                           ; 2 bytes @ 0x0
    13 ;;
    14 ;;Main: autosize = 0, tempsize = 0, incstack = 0, save=0
    15 ;;
    16 ;; *************** function _main *****************
    17 ;; Defined at:
    18 ;;		line 6 in file "src/main.c"
    19 ;; Parameters:    Size  Location     Type
    20 ;;		None
    21 ;; Auto vars:     Size  Location     Type
    22 ;;		None
    23 ;; Return value:  Size  Location     Type
    24 ;;                  2    4[COMRAM] int 
    25 ;; Registers used:
    26 ;;		None
    27 ;; Tracked objects:
    28 ;;		On entry : 0/0
    29 ;;		On exit  : 0/0
    30 ;;		Unchanged: 0/0
    31 ;; Data sizes:     COMRAM   BANK0   BANK1   BANK2   BANK3   BANK4   BANK5   BANK6   BANK7   BANK8   BANK9  BANK10  BANK1
      +1  BANK12  BANK13  BANK14  BANK15
    32 ;;      Params:         0       0       0       0       0       0       0       0       0       0       0       0       
      +0       0       0       0       0
    33 ;;      Locals:         0       0       0       0       0       0       0       0       0       0       0       0       
      +0       0       0       0       0
    34 ;;      Temps:          0       0       0       0       0       0       0       0       0       0       0       0       
      +0       0       0       0       0
    35 ;;      Totals:         0       0       0       0       0       0       0       0       0       0       0       0       
      +0       0       0       0       0
    36 ;;Total ram usage:        0 bytes
    37 ;; This function calls:
    38 ;;		Nothing
    39 ;; This function is called by:
    40 ;;		Startup code after reset
    41 ;; This function uses a non-reentrant model
    42 ;;
    43                           
    44                           	psect	text0
    45  00FFF8                     __ptext0:
    46                           	opt stack 0
    47  00FFF8                     _main:
    48                           	opt stack 31
    49                           
    50                           ;main.c: 7: (INTCONbits.GIE = 1);
    51                           
    52                           ;incstack = 0
    53  00FFF8  8EF2               	bsf	intcon,7,c	;volatile
    54                           
    55                           ;main.c: 8: (INTCONbits.GIE = 0);
    56  00FFFA  9EF2               	bcf	intcon,7,c	;volatile
    57  00FFFC  EF00  F000         	goto	start
    58  010000                     __end_of_main:
    59                           	opt stack 0
    60  0000                     intcon	equ	0xFF2
    61                           
    62                           	psect	cinit
    63  00FFF2                     __pcinit:
    64                           	opt stack 0
    65  00FFF2                     start_initialization:
    66                           	opt stack 0
    67  00FFF2                     __initialization:
    68                           	opt stack 0
    69  00FFF2                     end_of_initialization:
    70                           	opt stack 0
    71  00FFF2                     __end_of__initialization:
    72                           	opt stack 0
    73  00FFF2  0100               	movlb	0
    74  00FFF4  EFFC  F07F         	goto	_main	;jump to C main() function
    75                           intcon	equ	0xFF2
    76                           
    77                           	psect	cstackCOMRAM
    78  000000                     __pcstackCOMRAM:
    79                           	opt stack 0
    80  000000                     intcon	equ	0xFF2
    81                           intcon	equ	0xFF2
    82                           
    83                           	psect	rparam
    84  0000                     intcon	equ	0xFF2


Data Sizes:
    Strings     0
    Constant    0
    Data        0
    BSS         0
    Persistent  0
    Stack       0

Auto Spaces:
    Space          Size  Autos    Used
    COMRAM           95      0       0
    BANK0           160      0       0
    BANK1           256      0       0
    BANK2           256      0       0
    BANK3           256      0       0
    BANK4           256      0       0
    BANK5           256      0       0
    BANK6           256      0       0
    BANK7           256      0       0
    BANK8           256      0       0
    BANK9           256      0       0
    BANK10          256      0       0
    BANK11          256      0       0
    BANK12          256      0       0
    BANK13          256      0       0
    BANK14          256      0       0
    BANK15           56      0       0

Pointer List with Targets:

    None.

Critical Paths under _main in COMRAM

    None.

Critical Paths under _main in BANK0

    None.

Critical Paths under _main in BANK1

    None.

Critical Paths under _main in BANK2

    None.

Critical Paths under _main in BANK3

    None.

Critical Paths under _main in BANK4

    None.

Critical Paths under _main in BANK5

    None.

Critical Paths under _main in BANK6

    None.

Critical Paths under _main in BANK7

    None.

Critical Paths under _main in BANK8

    None.

Critical Paths under _main in BANK9

    None.

Critical Paths under _main in BANK10

    None.

Critical Paths under _main in BANK11

    None.

Critical Paths under _main in BANK12

    None.

Critical Paths under _main in BANK13

    None.

Critical Paths under _main in BANK14

    None.

Critical Paths under _main in BANK15

    None.

Call Graph Tables:

 ---------------------------------------------------------------------------------
 (Depth) Function   	        Calls       Base Space   Used Autos Params    Refs
 ---------------------------------------------------------------------------------
 (0) _main                                                 0     0      0       0
 ---------------------------------------------------------------------------------
 Estimated maximum stack depth 0
 ---------------------------------------------------------------------------------

 Call Graph Graphs:

 _main (ROOT)

 Address spaces:
Name               Size   Autos  Total    Cost      Usage
BITCOMRAM           5F      0       0       0        0.0%
EEDATA             400      0       0       0        0.0%
NULL                 0      0       0       0        0.0%
CODE                 0      0       0       0        0.0%
COMRAM              5F      0       0       1        0.0%
STACK                0      0       0       2        0.0%
DATA                 0      0       0       3        0.0%
BITBANK0            A0      0       0       4        0.0%
BANK0               A0      0       0       5        0.0%
BITBANK1           100      0       0       6        0.0%
BANK1              100      0       0       7        0.0%
BITBANK2           100      0       0       8        0.0%
BANK2              100      0       0       9        0.0%
BITBANK3           100      0       0      10        0.0%
BANK3              100      0       0      11        0.0%
ABS                  0      0       0      12        0.0%
BITBANK4           100      0       0      13        0.0%
BANK4              100      0       0      14        0.0%
BITBANK5           100      0       0      15        0.0%
BANK5              100      0       0      16        0.0%
BITBANK6           100      0       0      17        0.0%
BANK6              100      0       0      18        0.0%
BITBANK7           100      0       0      19        0.0%
BANK7              100      0       0      20        0.0%
BITBANK8           100      0       0      21        0.0%
BANK8              100      0       0      22        0.0%
BITBANK9           100      0       0      23        0.0%
BANK9              100      0       0      24        0.0%
BITBANK10          100      0       0      25        0.0%
BANK10             100      0       0      26        0.0%
BITBANK11          100      0       0      27        0.0%
BANK11             100      0       0      28        0.0%
BITBANK12          100      0       0      29        0.0%
BANK12             100      0       0      30        0.0%
BITBANK13          100      0       0      31        0.0%
BANK13             100      0       0      32        0.0%
BITBANK14          100      0       0      33        0.0%
BANK14             100      0       0      34        0.0%
BITBANK15           38      0       0      35        0.0%
BANK15              38      0       0      36        0.0%
BIGRAM             F37      0       0      37        0.0%
BITSFR_1             0      0       0      40        0.0%
SFR_1                0      0       0      40        0.0%
BITSFR               0      0       0      40        0.0%
SFR                  0      0       0      40        0.0%


Microchip Technology PIC18 Macro Assembler V1.33 build 59893 
Symbol Table                                                                                   Mon Dec 29 15:19:23 2014

           __CFG_CP0$OFF 000000             __CFG_CP1$OFF 000000             __CFG_CP3$OFF 000000  
            __CFG_LVP$ON 000000             __CFG_CPB$OFF 000000             __CFG_CPD$OFF 000000  
          __CFG_FCMEN$ON 000000                     _main FFF8            __CFG_BORV$190 000000  
          __CFG_BOREN$ON 000000                     start 0000            __CFG_IESO$OFF 000000  
                  ?_main 0000           __CFG_DEBUG$OFF 000000            __CFG_WRT0$OFF 000000  
          __CFG_WRT1$OFF 000000            __CFG_WRT2$OFF 000000            __CFG_WRT3$OFF 000000  
         __CFG_EBTR0$OFF 000000           __CFG_EBTR1$OFF 000000           __CFG_EBTR2$OFF 000000  
         __CFG_EBTR3$OFF 000000            __CFG_WRTB$OFF 000000            __CFG_WRTC$OFF 000000  
          __CFG_WRTD$OFF 000000           __CFG_EBTRB$OFF 000000       __CFG_MCLRE$EXTMCLR 000000  
         __CFG_PBADEN$ON 000000          __initialization FFF2             __end_of_main 0000  
                 ??_main 0000            __activetblptr 000000           __CFG_PLLCFG$ON 000000  
         __CFG_PWRTEN$ON 000000           __CFG_XINST$OFF 000000           __CFG_STVREN$ON 000000  
        __CFG_HFOFST$OFF 000000               __accesstop 0060  __end_of__initialization FFF2  
         __pcstackCOMRAM 0000       __CFG_CCP2MX$PORTC1 000000       __CFG_CCP3MX$PORTB5 000000  
        __CFG_WDTEN$SWON 000000        __CFG_PRICLKEN$OFF 000000                  __Hparam 0000  
                __Lparam 0000                  __pcinit FFF2                  __ramtop 1000  
                __ptext0 FFF8     end_of_initialization FFF2      start_initialization FFF2  
       __CFG_WDTPS$16384 000000                 __Hrparam 0000                 __Lrparam 0000  
      __CFG_P2BMX$PORTB5 000000            __size_of_main 0008               _INTCONbits 000FF2  
      __CFG_T3CMX$PORTC0 000000        __CFG_FOSC$INTIO67 000000  
